[debug] [2025-10-01T03:50:59.978Z] ----------------------------------------------------------------------
[debug] [2025-10-01T03:50:59.993Z] Command:       C:\nvm4w\nodejs\node.exe C:\nvm4w\nodejs\node_modules\firebase-tools\lib\bin\firebase.js functions:secrets:set VENDASTA_CLIENT_SECRET
[debug] [2025-10-01T03:50:59.994Z] CLI Version:   14.17.0
[debug] [2025-10-01T03:50:59.994Z] Platform:      win32
[debug] [2025-10-01T03:50:59.994Z] Node Version:  v24.2.0
[debug] [2025-10-01T03:50:59.994Z] Time:          Tue Sep 30 2025 23:50:59 GMT-0400 (Eastern Daylight Time)
[debug] [2025-10-01T03:50:59.995Z] ----------------------------------------------------------------------
[debug] 
[debug] [2025-10-01T03:50:59.998Z] >>> [apiv2][query] GET https://firebase-public.firebaseio.com/cli.json [none]
[debug] [2025-10-01T03:51:00.409Z] > command requires scopes: ["email","openid","https://www.googleapis.com/auth/cloudplatformprojects.readonly","https://www.googleapis.com/auth/firebase","https://www.googleapis.com/auth/cloud-platform"]
[debug] [2025-10-01T03:51:00.409Z] > authorizing via signed-in user (kevin@flaux.co)
[debug] [2025-10-01T03:51:00.410Z] Checked if tokens are valid: false, expires at: 1759187543413
[debug] [2025-10-01T03:51:00.411Z] Checked if tokens are valid: false, expires at: 1759187543413
[debug] [2025-10-01T03:51:00.411Z] > refreshing access token with scopes: []
[debug] [2025-10-01T03:51:00.413Z] >>> [apiv2][query] POST https://www.googleapis.com/oauth2/v3/token [none]
[debug] [2025-10-01T03:51:00.413Z] >>> [apiv2][body] POST https://www.googleapis.com/oauth2/v3/token [omitted]
[debug] [2025-10-01T03:51:01.621Z] <<< [apiv2][status] POST https://www.googleapis.com/oauth2/v3/token 200
[debug] [2025-10-01T03:51:01.621Z] <<< [apiv2][body] POST https://www.googleapis.com/oauth2/v3/token [omitted]
[debug] [2025-10-01T03:51:01.662Z] >>> [apiv2][query] GET https://serviceusage.googleapis.com/v1/projects/flaux-site-stg/services/secretmanager.googleapis.com [none]
[debug] [2025-10-01T03:51:01.662Z] >>> [apiv2][(partial)header] GET https://serviceusage.googleapis.com/v1/projects/flaux-site-stg/services/secretmanager.googleapis.com x-goog-quota-user=projects/flaux-site-stg
[debug] [2025-10-01T03:51:02.660Z] <<< [apiv2][status] GET https://firebase-public.firebaseio.com/cli.json 200
[debug] [2025-10-01T03:51:02.660Z] <<< [apiv2][body] GET https://firebase-public.firebaseio.com/cli.json {"cloudBuildErrorAfter":1594252800000,"cloudBuildWarnAfter":1590019200000,"defaultNode10After":1594252800000,"minVersion":"3.0.5","node8DeploysDisabledAfter":1613390400000,"node8RuntimeDisabledAfter":1615809600000,"node8WarnAfter":1600128000000}
[debug] [2025-10-01T03:51:04.465Z] <<< [apiv2][status] GET https://serviceusage.googleapis.com/v1/projects/flaux-site-stg/services/secretmanager.googleapis.com 200
[debug] [2025-10-01T03:51:04.465Z] <<< [apiv2][body] GET https://serviceusage.googleapis.com/v1/projects/flaux-site-stg/services/secretmanager.googleapis.com [omitted]
[debug] [2025-10-01T03:51:04.476Z] > command requires scopes: ["email","openid","https://www.googleapis.com/auth/cloudplatformprojects.readonly","https://www.googleapis.com/auth/firebase","https://www.googleapis.com/auth/cloud-platform"]
[debug] [2025-10-01T03:51:04.476Z] > authorizing via signed-in user (kevin@flaux.co)
[debug] [2025-10-01T03:51:04.476Z] [iam] checking project flaux-site-stg for permissions ["firebase.projects.get","secretmanager.secrets.create","secretmanager.secrets.get","secretmanager.secrets.update","secretmanager.versions.add"]
[debug] [2025-10-01T03:51:04.477Z] Checked if tokens are valid: true, expires at: 1759294260621
[debug] [2025-10-01T03:51:04.477Z] Checked if tokens are valid: true, expires at: 1759294260621
[debug] [2025-10-01T03:51:04.477Z] >>> [apiv2][query] POST https://cloudresourcemanager.googleapis.com/v1/projects/flaux-site-stg:testIamPermissions [none]
[debug] [2025-10-01T03:51:04.477Z] >>> [apiv2][(partial)header] POST https://cloudresourcemanager.googleapis.com/v1/projects/flaux-site-stg:testIamPermissions x-goog-quota-user=projects/flaux-site-stg
[debug] [2025-10-01T03:51:04.477Z] >>> [apiv2][body] POST https://cloudresourcemanager.googleapis.com/v1/projects/flaux-site-stg:testIamPermissions {"permissions":["firebase.projects.get","secretmanager.secrets.create","secretmanager.secrets.get","secretmanager.secrets.update","secretmanager.versions.add"]}
[debug] [2025-10-01T03:51:04.763Z] <<< [apiv2][status] POST https://cloudresourcemanager.googleapis.com/v1/projects/flaux-site-stg:testIamPermissions 200
[debug] [2025-10-01T03:51:04.763Z] <<< [apiv2][body] POST https://cloudresourcemanager.googleapis.com/v1/projects/flaux-site-stg:testIamPermissions {"permissions":["firebase.projects.get","secretmanager.secrets.create","secretmanager.secrets.get","secretmanager.secrets.update","secretmanager.versions.add"]}
[debug] [2025-10-01T03:51:04.765Z] Checked if tokens are valid: true, expires at: 1759294260621
[debug] [2025-10-01T03:51:04.765Z] Checked if tokens are valid: true, expires at: 1759294260621
[debug] [2025-10-01T03:51:04.765Z] >>> [apiv2][query] GET https://cloudresourcemanager.googleapis.com/v1/projects/flaux-site-stg [none]
[debug] [2025-10-01T03:51:04.859Z] <<< [apiv2][status] GET https://cloudresourcemanager.googleapis.com/v1/projects/flaux-site-stg 200
[debug] [2025-10-01T03:51:04.860Z] <<< [apiv2][body] GET https://cloudresourcemanager.googleapis.com/v1/projects/flaux-site-stg {"projectNumber":"158147990141","projectId":"flaux-site-stg","lifecycleState":"ACTIVE","name":"flaux-site-stg","labels":{"firebase":"enabled","firebase-core":"disabled"},"createTime":"2025-09-20T19:51:39.429420Z"}
[debug] [2025-10-01T03:51:04.860Z] Checked if tokens are valid: true, expires at: 1759294260621
[debug] [2025-10-01T03:51:04.860Z] Checked if tokens are valid: true, expires at: 1759294260621
[debug] [2025-10-01T03:51:04.861Z] >>> [apiv2][query] GET https://secretmanager.googleapis.com/v1/projects/flaux-site-stg/secrets/VENDASTA_CLIENT_SECRET [none]
[debug] [2025-10-01T03:51:05.182Z] <<< [apiv2][status] GET https://secretmanager.googleapis.com/v1/projects/flaux-site-stg/secrets/VENDASTA_CLIENT_SECRET 404
[debug] [2025-10-01T03:51:05.182Z] <<< [apiv2][body] GET https://secretmanager.googleapis.com/v1/projects/flaux-site-stg/secrets/VENDASTA_CLIENT_SECRET {"error":{"code":404,"message":"Secret [projects/158147990141/secrets/VENDASTA_CLIENT_SECRET] not found.","status":"NOT_FOUND"}}
[debug] [2025-10-01T03:51:05.184Z] Checked if tokens are valid: true, expires at: 1759294260621
[debug] [2025-10-01T03:51:05.184Z] Checked if tokens are valid: true, expires at: 1759294260621
[debug] [2025-10-01T03:51:05.184Z] >>> [apiv2][query] POST https://secretmanager.googleapis.com/v1/projects/flaux-site-stg/secrets secretId=VENDASTA_CLIENT_SECRET
[debug] [2025-10-01T03:51:05.184Z] >>> [apiv2][body] POST https://secretmanager.googleapis.com/v1/projects/flaux-site-stg/secrets {"name":"VENDASTA_CLIENT_SECRET","replication":{"automatic":{}},"labels":{"firebase-managed":"functions"}}
[debug] [2025-10-01T03:51:05.524Z] <<< [apiv2][status] POST https://secretmanager.googleapis.com/v1/projects/flaux-site-stg/secrets 200
[debug] [2025-10-01T03:51:05.524Z] <<< [apiv2][body] POST https://secretmanager.googleapis.com/v1/projects/flaux-site-stg/secrets {"name":"projects/158147990141/secrets/VENDASTA_CLIENT_SECRET","replication":{"automatic":{}},"createTime":"2025-10-01T03:51:05.169252Z","labels":{"firebase-managed":"functions"},"etag":"\"164010c72a96b9\""}
