[debug] [2025-09-17T23:31:37.209Z] [Firebase Plugin] Activating Firebase extension.
[debug] [2025-09-17T23:31:51.895Z] [Firebase Plugin] requireAuthWrapper
[debug] [2025-09-17T23:31:51.898Z] > command requires scopes: ["email","openid","https://www.googleapis.com/auth/cloudplatformprojects.readonly","https://www.googleapis.com/auth/firebase","https://www.googleapis.com/auth/cloud-platform"]
[debug] [2025-09-17T23:31:51.898Z] > authorizing via signed-in user (kevin@flaux.co)
[debug] [2025-09-17T23:31:51.903Z] Checked if tokens are valid: false, expires at: 1758143712539
[debug] [2025-09-17T23:31:51.904Z] Checked if tokens are valid: false, expires at: 1758143712539
[debug] [2025-09-17T23:31:51.904Z] > refreshing access token with scopes: []
[debug] [2025-09-17T23:31:51.906Z] >>> [apiv2][query] POST https://www.googleapis.com/oauth2/v3/token [none]
[debug] [2025-09-17T23:31:51.906Z] >>> [apiv2][body] POST https://www.googleapis.com/oauth2/v3/token [omitted]
[info] [Firebase Plugin] Starting Data Connect toolkit (version 2.13.0) on port 50001
[debug] [2025-09-17T23:31:53.029Z] I0917 19:31:52.987193   91724 control.go:94] [/emulator/flaux-co d043] UpdateResources(): done
Schema: sources: schema\schema.gql [867B] 
Connector "example": sources: example\queries.gql [588B] 
 {"metadata":{"emulator":{"name":"dataconnect"},"message":"I0917 19:31:52.987193   91724 control.go:94] [/emulator/flaux-co d043] UpdateResources(): done\nSchema: sources: schema\\schema.gql [867B] \nConnector \"example\": sources: example\\queries.gql [588B] \n"}}
[debug] [2025-09-17T23:31:53.030Z] Ignoring unsupported arg: auto_download {"metadata":{"emulator":{"name":"dataconnect"},"message":"Ignoring unsupported arg: auto_download"}}
[debug] [2025-09-17T23:31:53.031Z] Ignoring unsupported arg: port {"metadata":{"emulator":{"name":"dataconnect"},"message":"Ignoring unsupported arg: port"}}
[debug] [2025-09-17T23:31:53.031Z] Starting Data Connect Emulator with command {"binary":"C:\\Users\\kevin.florian\\.cache\\firebase\\emulators\\dataconnect-emulator-2.13.0.exe","args":["--logtostderr","-v=2","dev","--listen=localhost:50001","--config_dir=c:\\Source\\kflo\\flaux-co\\dataconnect","--enable_output_schema_extensions=true","--enable_output_generated_sdk=true"],"optionalArgs":["listen","config_dir","enable_output_schema_extensions","enable_output_generated_sdk"],"joinArgs":true,"shell":false,"port":9399} {"metadata":{"emulator":{"name":"dataconnect"},"message":"Starting Data Connect Emulator with command {\"binary\":\"C:\\\\Users\\\\kevin.florian\\\\.cache\\\\firebase\\\\emulators\\\\dataconnect-emulator-2.13.0.exe\",\"args\":[\"--logtostderr\",\"-v=2\",\"dev\",\"--listen=localhost:50001\",\"--config_dir=c:\\\\Source\\\\kflo\\\\flaux-co\\\\dataconnect\",\"--enable_output_schema_extensions=true\",\"--enable_output_generated_sdk=true\"],\"optionalArgs\":[\"listen\",\"config_dir\",\"enable_output_schema_extensions\",\"enable_output_generated_sdk\"],\"joinArgs\":true,\"shell\":false,\"port\":9399}"}}
[info] i  dataconnect: Data Connect Emulator logging to dataconnect-debug.log {"metadata":{"emulator":{"name":"dataconnect"},"message":"Data Connect Emulator logging to \u001b[1mdataconnect-debug.log\u001b[22m"}}
[debug] [2025-09-17T23:31:53.223Z] I0917 19:31:53.156217   89048 load.go:31] Reloading schema and connectors...
I0917 19:31:53.205599   89048 control.go:94] [/emulator/flaux-co 2d30] UpdateResources(): done
Schema: sources: schema\schema.gql [867B] 
Connector "example": sources: example\queries.gql [588B] 
 {"metadata":{"emulator":{"name":"dataconnect"},"message":"I0917 19:31:53.156217   89048 load.go:31] Reloading schema and connectors...\nI0917 19:31:53.205599   89048 control.go:94] [/emulator/flaux-co 2d30] UpdateResources(): done\nSchema: sources: schema\\schema.gql [867B] \nConnector \"example\": sources: example\\queries.gql [588B] \n"}}
[debug] [2025-09-17T23:31:53.342Z] I0917 19:31:53.289475   89048 codegen.go:82] [connector "example" javascriptSdk] Generating sources into "c:\\Source\\kflo\\flaux-co\\src\\dataconnect-generated"
I0917 19:31:53.335542   89048 collector.go:107] schema extensions wrote into "c:\\Source\\kflo\\flaux-co\\dataconnect\\.dataconnect\\schema"
Generated sources: main\implicit.gql [1861B] main\input.gql [49493B] main\relation.gql [20168B] main\query.gql [7773B] prelude.gql [73251B] main\mutation.gql [21100B] 
 {"metadata":{"emulator":{"name":"dataconnect"},"message":"I0917 19:31:53.289475   89048 codegen.go:82] [connector \"example\" javascriptSdk] Generating sources into \"c:\\\\Source\\\\kflo\\\\flaux-co\\\\src\\\\dataconnect-generated\"\nI0917 19:31:53.335542   89048 collector.go:107] schema extensions wrote into \"c:\\\\Source\\\\kflo\\\\flaux-co\\\\dataconnect\\\\.dataconnect\\\\schema\"\nGenerated sources: main\\implicit.gql [1861B] main\\input.gql [49493B] main\\relation.gql [20168B] main\\query.gql [7773B] prelude.gql [73251B] main\\mutation.gql [21100B] \n"}}
[debug] [2025-09-17T23:31:53.961Z] I0917 19:31:53.393194   89048 collector.go:107] connector "example" javascriptSdk wrote into "c:\\Source\\kflo\\flaux-co\\src\\dataconnect-generated"
Generated sources: angular\esm\index.esm.js [1887B] esm\package.json [17B] README.md [17573B] angular\package.json [653B] angular\README.md [21512B] index.d.ts [3848B] esm\index.esm.js [1549B] index.cjs.js [1825B] package.json [864B] angular\index.d.ts [1586B] angular\esm\package.json [17B] angular\index.cjs.js [2001B] 
I0917 19:31:53.398117   89048 installsdk.go:55] Package @dataconnect/generated is already installed. Skipping installation
I0917 19:31:53.398117   89048 load.go:109] Finished reloading
I0917 19:31:53.532136   89048 dev.go:102] Listening on address (HTTP + gRPC): 127.0.0.1:50001
 {"metadata":{"emulator":{"name":"dataconnect"},"message":"I0917 19:31:53.393194   89048 collector.go:107] connector \"example\" javascriptSdk wrote into \"c:\\\\Source\\\\kflo\\\\flaux-co\\\\src\\\\dataconnect-generated\"\nGenerated sources: angular\\esm\\index.esm.js [1887B] esm\\package.json [17B] README.md [17573B] angular\\package.json [653B] angular\\README.md [21512B] index.d.ts [3848B] esm\\index.esm.js [1549B] index.cjs.js [1825B] package.json [864B] angular\\index.d.ts [1586B] angular\\esm\\package.json [17B] angular\\index.cjs.js [2001B] \nI0917 19:31:53.398117   89048 installsdk.go:55] Package @dataconnect/generated is already installed. Skipping installation\nI0917 19:31:53.398117   89048 load.go:109] Finished reloading\nI0917 19:31:53.532136   89048 dev.go:102] Listening on address (HTTP + gRPC): 127.0.0.1:50001\n"}}
[debug] [2025-09-17T23:31:54.498Z] <<< [apiv2][status] POST https://www.googleapis.com/oauth2/v3/token 200
[debug] [2025-09-17T23:31:54.499Z] <<< [apiv2][body] POST https://www.googleapis.com/oauth2/v3/token [omitted]
[debug] [2025-09-17T23:31:54.551Z] [Firebase Plugin] User found:  kevin@flaux.co
[info] [Firebase Plugin] (Core:Project) New user detected, fetching projects
[debug] [2025-09-17T23:31:54.554Z] Checked if tokens are valid: true, expires at: 1758155513499
[debug] [2025-09-17T23:31:54.555Z] >>> [apiv2][query] GET https://firebase.googleapis.com/v1beta1/projects pageSize=1000
[debug] [2025-09-17T23:31:55.814Z] <<< [apiv2][status] GET https://firebase.googleapis.com/v1beta1/projects 200
[debug] [2025-09-17T23:31:55.815Z] <<< [apiv2][body] GET https://firebase.googleapis.com/v1beta1/projects [omitted]
[debug] [2025-09-17T23:31:58.470Z] I0917 19:31:56.734915   89048 engine.go:169] [/emulator/flaux-co 2d30] ExecuteGraphqlRead IntrospectionQuery: succeeded. 
 {"metadata":{"emulator":{"name":"dataconnect"},"message":"I0917 19:31:56.734915   89048 engine.go:169] [/emulator/flaux-co 2d30] ExecuteGraphqlRead IntrospectionQuery: succeeded. \n"}}
